Determining if the include file util.h exists failed with the following output:
Change Dir: /home/tren/Apps/klee/build/CMakeFiles/CMakeTmp

Run Build Command:"/usr/bin/make" "cmTC_7978d/fast"
/usr/bin/make -f CMakeFiles/cmTC_7978d.dir/build.make CMakeFiles/cmTC_7978d.dir/build
make[1]: Entering directory '/home/tren/Apps/klee/build/CMakeFiles/CMakeTmp'
Building C object CMakeFiles/cmTC_7978d.dir/CheckIncludeFile.c.o
/usr/bin/cc   -Wall -Wextra -Wno-unused-parameter    -o CMakeFiles/cmTC_7978d.dir/CheckIncludeFile.c.o   -c /home/tren/Apps/klee/build/CMakeFiles/CMakeTmp/CheckIncludeFile.c
/home/tren/Apps/klee/build/CMakeFiles/CMakeTmp/CheckIncludeFile.c:1:10: fatal error: util.h: No such file or directory
 #include <util.h>
          ^~~~~~~~
compilation terminated.
CMakeFiles/cmTC_7978d.dir/build.make:65: recipe for target 'CMakeFiles/cmTC_7978d.dir/CheckIncludeFile.c.o' failed
make[1]: *** [CMakeFiles/cmTC_7978d.dir/CheckIncludeFile.c.o] Error 1
make[1]: Leaving directory '/home/tren/Apps/klee/build/CMakeFiles/CMakeTmp'
Makefile:126: recipe for target 'cmTC_7978d/fast' failed
make: *** [cmTC_7978d/fast] Error 2


Determining if the include file libutil.h exists failed with the following output:
Change Dir: /home/tren/Apps/klee/build/CMakeFiles/CMakeTmp

Run Build Command:"/usr/bin/make" "cmTC_499c5/fast"
/usr/bin/make -f CMakeFiles/cmTC_499c5.dir/build.make CMakeFiles/cmTC_499c5.dir/build
make[1]: Entering directory '/home/tren/Apps/klee/build/CMakeFiles/CMakeTmp'
Building C object CMakeFiles/cmTC_499c5.dir/CheckIncludeFile.c.o
/usr/bin/cc   -Wall -Wextra -Wno-unused-parameter    -o CMakeFiles/cmTC_499c5.dir/CheckIncludeFile.c.o   -c /home/tren/Apps/klee/build/CMakeFiles/CMakeTmp/CheckIncludeFile.c
/home/tren/Apps/klee/build/CMakeFiles/CMakeTmp/CheckIncludeFile.c:1:10: fatal error: libutil.h: No such file or directory
 #include <libutil.h>
          ^~~~~~~~~~~
compilation terminated.
CMakeFiles/cmTC_499c5.dir/build.make:65: recipe for target 'CMakeFiles/cmTC_499c5.dir/CheckIncludeFile.c.o' failed
make[1]: *** [CMakeFiles/cmTC_499c5.dir/CheckIncludeFile.c.o] Error 1
make[1]: Leaving directory '/home/tren/Apps/klee/build/CMakeFiles/CMakeTmp'
Makefile:126: recipe for target 'cmTC_499c5/fast' failed
make: *** [cmTC_499c5/fast] Error 2


Determining if the function openpty exists failed with the following output:
Change Dir: /home/tren/Apps/klee/build/CMakeFiles/CMakeTmp

Run Build Command:"/usr/bin/make" "cmTC_91b53/fast"
/usr/bin/make -f CMakeFiles/cmTC_91b53.dir/build.make CMakeFiles/cmTC_91b53.dir/build
make[1]: Entering directory '/home/tren/Apps/klee/build/CMakeFiles/CMakeTmp'
Building C object CMakeFiles/cmTC_91b53.dir/CheckFunctionExists.c.o
/usr/bin/cc   -Wall -Wextra -Wno-unused-parameter -DCHECK_FUNCTION_EXISTS=openpty   -o CMakeFiles/cmTC_91b53.dir/CheckFunctionExists.c.o   -c /usr/share/cmake-3.10/Modules/CheckFunctionExists.c
Linking C executable cmTC_91b53
/usr/bin/cmake -E cmake_link_script CMakeFiles/cmTC_91b53.dir/link.txt --verbose=1
/usr/bin/cc  -Wall -Wextra -Wno-unused-parameter -DCHECK_FUNCTION_EXISTS=openpty    CMakeFiles/cmTC_91b53.dir/CheckFunctionExists.c.o  -o cmTC_91b53 
CMakeFiles/cmTC_91b53.dir/CheckFunctionExists.c.o: In function `main':
CheckFunctionExists.c:(.text+0x10): undefined reference to `openpty'
collect2: error: ld returned 1 exit status
CMakeFiles/cmTC_91b53.dir/build.make:97: recipe for target 'cmTC_91b53' failed
make[1]: *** [cmTC_91b53] Error 1
make[1]: Leaving directory '/home/tren/Apps/klee/build/CMakeFiles/CMakeTmp'
Makefile:126: recipe for target 'cmTC_91b53/fast' failed
make: *** [cmTC_91b53/fast] Error 2


Determining if the malloc_zone_statistics exist failed with the following output:
Change Dir: /home/tren/Apps/klee/build/CMakeFiles/CMakeTmp

Run Build Command:"/usr/bin/make" "cmTC_813b0/fast"
/usr/bin/make -f CMakeFiles/cmTC_813b0.dir/build.make CMakeFiles/cmTC_813b0.dir/build
make[1]: Entering directory '/home/tren/Apps/klee/build/CMakeFiles/CMakeTmp'
Building CXX object CMakeFiles/cmTC_813b0.dir/CheckSymbolExists.cxx.o
/usr/bin/c++    -Wall -Wextra -Wno-unused-parameter    -o CMakeFiles/cmTC_813b0.dir/CheckSymbolExists.cxx.o -c /home/tren/Apps/klee/build/CMakeFiles/CMakeTmp/CheckSymbolExists.cxx
/home/tren/Apps/klee/build/CMakeFiles/CMakeTmp/CheckSymbolExists.cxx:2:10: fatal error: malloc/malloc.h: No such file or directory
 #include <malloc/malloc.h>
          ^~~~~~~~~~~~~~~~~
compilation terminated.
CMakeFiles/cmTC_813b0.dir/build.make:65: recipe for target 'CMakeFiles/cmTC_813b0.dir/CheckSymbolExists.cxx.o' failed
make[1]: *** [CMakeFiles/cmTC_813b0.dir/CheckSymbolExists.cxx.o] Error 1
make[1]: Leaving directory '/home/tren/Apps/klee/build/CMakeFiles/CMakeTmp'
Makefile:126: recipe for target 'cmTC_813b0/fast' failed
make: *** [cmTC_813b0/fast] Error 2

File /home/tren/Apps/klee/build/CMakeFiles/CMakeTmp/CheckSymbolExists.cxx:
/* */
#include <malloc/malloc.h>

int main(int argc, char** argv)
{
  (void)argv;
#ifndef malloc_zone_statistics
  return ((int*)(&malloc_zone_statistics))[argc];
#else
  (void)argc;
  return 0;
#endif
}

Determining if the include file selinux/selinux.h exists failed with the following output:
Change Dir: /home/tren/Apps/klee/build/CMakeFiles/CMakeTmp

Run Build Command:"/usr/bin/make" "cmTC_2bd4a/fast"
/usr/bin/make -f CMakeFiles/cmTC_2bd4a.dir/build.make CMakeFiles/cmTC_2bd4a.dir/build
make[1]: Entering directory '/home/tren/Apps/klee/build/CMakeFiles/CMakeTmp'
Building C object CMakeFiles/cmTC_2bd4a.dir/CheckIncludeFile.c.o
/usr/bin/cc   -Wall -Wextra -Wno-unused-parameter    -o CMakeFiles/cmTC_2bd4a.dir/CheckIncludeFile.c.o   -c /home/tren/Apps/klee/build/CMakeFiles/CMakeTmp/CheckIncludeFile.c
/home/tren/Apps/klee/build/CMakeFiles/CMakeTmp/CheckIncludeFile.c:1:10: fatal error: selinux/selinux.h: No such file or directory
 #include <selinux/selinux.h>
          ^~~~~~~~~~~~~~~~~~~
compilation terminated.
CMakeFiles/cmTC_2bd4a.dir/build.make:65: recipe for target 'CMakeFiles/cmTC_2bd4a.dir/CheckIncludeFile.c.o' failed
make[1]: *** [CMakeFiles/cmTC_2bd4a.dir/CheckIncludeFile.c.o] Error 1
make[1]: Leaving directory '/home/tren/Apps/klee/build/CMakeFiles/CMakeTmp'
Makefile:126: recipe for target 'cmTC_2bd4a/fast' failed
make: *** [cmTC_2bd4a/fast] Error 2


Determining if the include file sys/acl.h exists failed with the following output:
Change Dir: /home/tren/Apps/klee/build/CMakeFiles/CMakeTmp

Run Build Command:"/usr/bin/make" "cmTC_ad20a/fast"
/usr/bin/make -f CMakeFiles/cmTC_ad20a.dir/build.make CMakeFiles/cmTC_ad20a.dir/build
make[1]: Entering directory '/home/tren/Apps/klee/build/CMakeFiles/CMakeTmp'
Building C object CMakeFiles/cmTC_ad20a.dir/CheckIncludeFile.c.o
/usr/bin/cc   -Wall -Wextra -Wno-unused-parameter    -o CMakeFiles/cmTC_ad20a.dir/CheckIncludeFile.c.o   -c /home/tren/Apps/klee/build/CMakeFiles/CMakeTmp/CheckIncludeFile.c
/home/tren/Apps/klee/build/CMakeFiles/CMakeTmp/CheckIncludeFile.c:1:10: fatal error: sys/acl.h: No such file or directory
 #include <sys/acl.h>
          ^~~~~~~~~~~
compilation terminated.
CMakeFiles/cmTC_ad20a.dir/build.make:65: recipe for target 'CMakeFiles/cmTC_ad20a.dir/CheckIncludeFile.c.o' failed
make[1]: *** [CMakeFiles/cmTC_ad20a.dir/CheckIncludeFile.c.o] Error 1
make[1]: Leaving directory '/home/tren/Apps/klee/build/CMakeFiles/CMakeTmp'
Makefile:126: recipe for target 'cmTC_ad20a/fast' failed
make: *** [cmTC_ad20a/fast] Error 2


